Running: C:\Xilinx\14.5\ISE_DS\ISE\bin\nt\unwrapped\fuse.exe -intstyle ise -incremental -lib secureip -o J:/ELE740/phase1/Phase 1/code/ISE/Phase1/write_line_tb_isim_beh.exe -prj J:/ELE740/phase1/Phase 1/code/ISE/Phase1/write_line_tb_beh.prj work.write_line_tb 
ISim P.58f (signature 0x8ef4fb42)
Number of CPUs detected in this system: 8
Turning on mult-threading, number of parallel sub-compilation jobs: 16 
Determining compilation order of HDL files
Parsing VHDL file "J:/ELE740/phase1/Phase 1/code/ISE/Phase1/../../defs.vhd" into library work
Parsing VHDL file "J:/ELE740/phase1/Phase 1/code/ISE/Phase1/../../write_module.vhd" into library work
Parsing VHDL file "J:/ELE740/phase1/Phase 1/code/ISE/Phase1/../../writedatatoram.vhd" into library work
Parsing VHDL file "J:/ELE740/phase1/Phase 1/code/ISE/Phase1/../../timer.vhd" into library work
Parsing VHDL file "J:/ELE740/phase1/Phase 1/code/ISE/Phase1/../../setddramaddress.vhd" into library work
Parsing VHDL file "J:/ELE740/phase1/Phase 1/code/ISE/Phase1/../../write_line.vhd" into library work
Parsing VHDL file "J:/ELE740/phase1/Phase 1/code/ISE/Phase1/../../../testbenches/write_line/write_line_tb.vhd" into library work
Starting static elaboration
Completed static elaboration
Fuse Memory Usage: 122012 KB
Fuse CPU Usage: 202 ms
Compiling package standard
Compiling package std_logic_1164
Compiling package defs
Compiling package textio
Compiling package numeric_std
Compiling architecture behavioral of entity write_module [write_module_default]
Compiling architecture set_ddram_address of entity Set_Ddram_Address [set_ddram_address_default]
Compiling architecture write_data_to_ram of entity Write_Data_To_Ram [write_data_to_ram_default]
Compiling architecture timer of entity Timer [timer_default]
Compiling architecture write_first_line of entity Write_First_line [write_first_line_default]
Compiling architecture behav of entity write_line_tb
Time Resolution for simulation is 1ps.
Waiting for 1 sub-compilation(s) to finish...
Compiled 16 VHDL Units
Built simulation executable J:/ELE740/phase1/Phase 1/code/ISE/Phase1/write_line_tb_isim_beh.exe
Fuse Memory Usage: 161740 KB
Fuse CPU Usage: 623 ms
