iMPACT Version: 14.5

iMPACT log file Started on Tue Jan 20 11:45:50 2015

Welcome to iMPACT
iMPACT Version: 14.5
Project: \auto_project.ipf created.
// *** BATCH CMD : setMode -bs
GUI --- Auto connect to cable...
// *** BATCH CMD : setCable -port auto
INFO:iMPACT - Connecting to TCF agent...
AutoDetecting cable. Please wait.
*** WARNING ***: When port is set to auto detect mode, cable speed is set todefault 6 MHz regardless of explicit arguments supplied for setting the baudrates
PROGRESS_START - Starting Operation.
Connecting to cable (Usb Port - USB21).
Checking cable driver.
 Source driver files not found.
The Platform Cable USB is not detected. Please connect a cable.If a cable isconnected, please disconnect
and reconnect to the usb port, follow the instructions in the 'Found NewHardware Wizard', then retry
the Cable Setup operation.
Cable connection failed.
Connecting to cable (Parallel Port - LPT1).
Checking cable driver.
Your driver installation is not complete. Please re-run your application or run
install_drivers.exe from the ISE installation area as an Administrator tocomplete the driver installation.
Service using windrvr6.sys : SYSTEM\CurrentControlSet\Services\WinDriver6.
 ImagePath = system32\drivers\windrvr6.sys.
 Start = 3.
 ErrorControl = 1.
 Type=1.
Cable connection failed.
Connecting to cable (Parallel Port - LPT2).
Checking cable driver.
Your driver installation is not complete. Please re-run your application or run
install_drivers.exe from the ISE installation area as an Administrator tocomplete the driver installation.
Service using windrvr6.sys : SYSTEM\CurrentControlSet\Services\WinDriver6.
 ImagePath = system32\drivers\windrvr6.sys.
 Start = 3.
 ErrorControl = 1.
 Type=1.
Cable connection failed.
Connecting to cable (Parallel Port - LPT3).
Checking cable driver.
Your driver installation is not complete. Please re-run your application or run
install_drivers.exe from the ISE installation area as an Administrator tocomplete the driver installation.
Service using windrvr6.sys : SYSTEM\CurrentControlSet\Services\WinDriver6.
 ImagePath = system32\drivers\windrvr6.sys.
 Start = 3.
 ErrorControl = 1.
 Type=1.
Cable connection failed.
Connecting to cable (Parallel Port - LPT4).
Checking cable driver.
Your driver installation is not complete. Please re-run your application or run
install_drivers.exe from the ISE installation area as an Administrator tocomplete the driver installation.
Service using windrvr6.sys : SYSTEM\CurrentControlSet\Services\WinDriver6.
 ImagePath = system32\drivers\windrvr6.sys.
 Start = 3.
 ErrorControl = 1.
 Type=1.
Cable connection failed.
PROGRESS_END - End Operation.
Elapsed time =      1 sec.
Cable autodetection failed.
WARNING:iMPACT:923 - Can not find cable, check cable setup !GUI --- Auto connect to cable...
// *** BATCH CMD : setCable -port auto
AutoDetecting cable. Please wait.
*** WARNING ***: When port is set to auto detect mode, cable speed is set todefault 6 MHz regardless of explicit arguments supplied for setting the baudrates
PROGRESS_START - Starting Operation.
Connecting to cable (Usb Port - USB21).
Checking cable driver.
 Source driver files not found.
The Platform Cable USB is not detected. Please connect a cable.If a cable isconnected, please disconnect
and reconnect to the usb port, follow the instructions in the 'Found NewHardware Wizard', then retry
the Cable Setup operation.
Cable connection failed.
Connecting to cable (Parallel Port - LPT1).
Checking cable driver.
Your driver installation is not complete. Please re-run your application or run
install_drivers.exe from the ISE installation area as an Administrator tocomplete the driver installation.
Service using windrvr6.sys : SYSTEM\CurrentControlSet\Services\WinDriver6.
 ImagePath = system32\drivers\windrvr6.sys.
 Start = 3.
 ErrorControl = 1.
 Type=1.
Cable connection failed.
Connecting to cable (Parallel Port - LPT2).
Checking cable driver.
Your driver installation is not complete. Please re-run your application or run
install_drivers.exe from the ISE installation area as an Administrator tocomplete the driver installation.
Service using windrvr6.sys : SYSTEM\CurrentControlSet\Services\WinDriver6.
 ImagePath = system32\drivers\windrvr6.sys.
 Start = 3.
 ErrorControl = 1.
 Type=1.
Cable connection failed.
Connecting to cable (Parallel Port - LPT3).
Checking cable driver.
Your driver installation is not complete. Please re-run your application or run
install_drivers.exe from the ISE installation area as an Administrator tocomplete the driver installation.
Service using windrvr6.sys : SYSTEM\CurrentControlSet\Services\WinDriver6.
 ImagePath = system32\drivers\windrvr6.sys.
 Start = 3.
 ErrorControl = 1.
 Type=1.
Cable connection failed.
Connecting to cable (Parallel Port - LPT4).
Checking cable driver.
Your driver installation is not complete. Please re-run your application or run
install_drivers.exe from the ISE installation area as an Administrator tocomplete the driver installation.
Service using windrvr6.sys : SYSTEM\CurrentControlSet\Services\WinDriver6.
 ImagePath = system32\drivers\windrvr6.sys.
 Start = 3.
 ErrorControl = 1.
 Type=1.
Cable connection failed.
PROGRESS_END - End Operation.
Elapsed time =      1 sec.
Cable autodetection failed.
// *** BATCH CMD : addDevice -p 1 -file "J:/ELE740/Afficheur/afficheur.bit"
'1': Loading file 'J:/ELE740/Afficheur/afficheur.bit' ...
done.
INFO:iMPACT:1777 - 
   Reading C:/Xilinx/14.5/ISE_DS/ISE/virtex5/data/xc5vlx50t.bsd...
INFO:iMPACT:2257 - Startup Clock has been changed to 'JtagClk' in the bitstream   stored in memory,
   but the original bitstream file remains unchanged.
UserID read from the bitstream file = 0xFFFFFFFF.
INFO:iMPACT:501 - '1': Added Device xc5vlx50t successfully.
----------------------------------------------------------------------
Enumerating cables. Please wait.
PROGRESS_START - Starting Operation.
Connecting to cable (Usb Port - USB21).
Checking cable driver.
 Source driver files not found.
The Platform Cable USB is not detected. Please connect a cable.If a cable isconnected, please disconnect
and reconnect to the usb port, follow the instructions in the 'Found NewHardware Wizard', then retry
the Cable Setup operation.
PROGRESS_END - End Operation.
Elapsed time =      0 sec.
Enumerating cables. Please wait.
PROGRESS_START - Starting Operation.
Connecting to cable (Usb Port - USB21).
Checking cable driver.
 Source driver files not found.
The Platform Cable USB is not detected. Please connect a cable.If a cable isconnected, please disconnect
and reconnect to the usb port, follow the instructions in the 'Found NewHardware Wizard', then retry
the Cable Setup operation.
PROGRESS_END - End Operation.
Elapsed time =      1 sec.
ERROR:iMPACT - This function requires that a target is opened first.
Enumerating cables. Please wait.
PROGRESS_START - Starting Operation.
Connecting to cable (Usb Port - USB21).
Checking cable driver.
 Source driver files not found.
The Platform Cable USB is not detected. Please connect a cable.If a cable isconnected, please disconnect
and reconnect to the usb port, follow the instructions in the 'Found NewHardware Wizard', then retry
the Cable Setup operation.
PROGRESS_END - End Operation.
Elapsed time =      0 sec.
Enumerating cables. Please wait.
PROGRESS_START - Starting Operation.
Connecting to cable (Usb Port - USB21).
Checking cable driver.
 Source driver files not found.
The Platform Cable USB is not detected. Please connect a cable.If a cable isconnected, please disconnect
and reconnect to the usb port, follow the instructions in the 'Found NewHardware Wizard', then retry
the Cable Setup operation.
PROGRESS_END - End Operation.
Elapsed time =      1 sec.
WARNING:iMPACT - The cable selected is not avaliable, please select a different   one.
Project: '\auto_project.ipf' created.
// *** BATCH CMD : setMode -bs
// *** BATCH CMD : setMode -ss
// *** BATCH CMD : setMode -sm
// *** BATCH CMD : setMode -hw140
// *** BATCH CMD : setMode -spi
// *** BATCH CMD : setMode -acecf
// *** BATCH CMD : setMode -acempm
// *** BATCH CMD : setMode -pff
// *** BATCH CMD : setMode -bs
// *** BATCH CMD : saveProjectFile -file "\auto_project.ipf"
// *** BATCH CMD : setMode -bs
INFO:iMPACT - Launching WebTalk, please refer to the webtalk log at /webtalk.log   for details.
INFO:iMPACT - Running wbtc successfully.
// *** BATCH CMD : setMode -bs
// *** BATCH CMD : deleteDevice -position 1
// *** BATCH CMD : setMode -bs
// *** BATCH CMD : setMode -ss
// *** BATCH CMD : setMode -sm
// *** BATCH CMD : setMode -hw140
// *** BATCH CMD : setMode -spi
// *** BATCH CMD : setMode -acecf
// *** BATCH CMD : setMode -acempm
// *** BATCH CMD : setMode -pff
