#:C0     
#Xilinx FPGA Editor Command Log File
#Editor Version:
#:V   NT M2.1 P.58f
#Current Working Directory:
#:D   J:\ELE740\Afficheur
#Date/Time:
#:T   Tue Jan 20 14:36:30 2015
#------------------------------
	#Reading afficheur.ncd...
	#Loading device for application Rf_Device from file '5vlx50t.nph' in environment C:\Xilinx\14.5\ISE_DS\ISE\.
	#   "afficheur" is an NCD, version 3.2, device xc5vlx50t, package ff1136, speed -1
	#Design creation date: 2015.01.20.19.35.14
	#Building chip graphics...
	#Loading speed info...
	#1
setattr main edit-mode no-logic-changes
	#2
unselect -all
	#3
unselect -all
	#4
select -k comp 'clk'
