--------------------------------------------------------------------------------
Release 14.5 Trace  (nt)
Copyright (c) 1995-2012 Xilinx, Inc.  All rights reserved.

C:\Xilinx\14.5\ISE_DS\ISE\bin\nt\unwrapped\trce.exe -intstyle ise -v 3 -s 1 -n
3 -fastpaths -xml Write_First_line.twx Write_First_line.ncd -o
Write_First_line.twr Write_First_line.pcf

Design file:              Write_First_line.ncd
Physical constraint file: Write_First_line.pcf
Device,package,speed:     xc5vlx50t,ff1136,-1 (PRODUCTION 1.73 2013-03-26, STEPPING level 0)
Report level:             verbose report

Environment Variable      Effect 
--------------------      ------ 
NONE                      No environment variables were set
--------------------------------------------------------------------------------

INFO:Timing:2698 - No timing constraints found, doing default enumeration.
INFO:Timing:3412 - To improve timing, see the Timing Closure User Guide (UG612).
INFO:Timing:2752 - To get complete path coverage, use the unconstrained paths 
   option. All paths that are not constrained will be reported in the 
   unconstrained paths section(s) of the report.
INFO:Timing:3339 - The clock-to-out numbers in this timing report are based on 
   a 50 Ohm transmission line loading model.  For the details of this model, 
   and for more information on accounting for different loading conditions, 
   please see the device datasheet.



Data Sheet report:
-----------------
All values displayed in nanoseconds (ns)

Setup/Hold to clock clk
-------------+------------+------------+------------------+--------+
             |Max Setup to|Max Hold to |                  | Clock  |
Source       | clk (edge) | clk (edge) |Internal Clock(s) | Phase  |
-------------+------------+------------+------------------+--------+
enable<0>    |    0.898(R)|    2.502(R)|clk_BUFGP         |   0.000|
line_1<1><0> |    1.305(R)|    0.814(R)|clk_BUFGP         |   0.000|
line_1<1><1> |    0.693(R)|    1.378(R)|clk_BUFGP         |   0.000|
line_1<1><2> |    2.092(R)|    0.115(R)|clk_BUFGP         |   0.000|
line_1<1><3> |    1.282(R)|    0.867(R)|clk_BUFGP         |   0.000|
line_1<1><4> |    0.564(R)|    1.553(R)|clk_BUFGP         |   0.000|
line_1<1><5> |    1.347(R)|    0.837(R)|clk_BUFGP         |   0.000|
line_1<1><6> |    1.281(R)|    0.876(R)|clk_BUFGP         |   0.000|
line_1<1><7> |    1.384(R)|    0.781(R)|clk_BUFGP         |   0.000|
line_1<2><0> |    1.784(R)|    0.371(R)|clk_BUFGP         |   0.000|
line_1<2><1> |    1.696(R)|    0.460(R)|clk_BUFGP         |   0.000|
line_1<2><2> |    1.330(R)|    0.819(R)|clk_BUFGP         |   0.000|
line_1<2><3> |    1.907(R)|    0.291(R)|clk_BUFGP         |   0.000|
line_1<2><4> |    0.940(R)|    1.208(R)|clk_BUFGP         |   0.000|
line_1<2><5> |    1.841(R)|    0.380(R)|clk_BUFGP         |   0.000|
line_1<2><6> |    1.637(R)|    0.547(R)|clk_BUFGP         |   0.000|
line_1<2><7> |    1.621(R)|    0.565(R)|clk_BUFGP         |   0.000|
line_1<3><0> |    1.687(R)|    0.466(R)|clk_BUFGP         |   0.000|
line_1<3><1> |    1.876(R)|    0.293(R)|clk_BUFGP         |   0.000|
line_1<3><2> |    1.252(R)|    0.890(R)|clk_BUFGP         |   0.000|
line_1<3><3> |    1.904(R)|    0.297(R)|clk_BUFGP         |   0.000|
line_1<3><4> |    0.746(R)|    1.388(R)|clk_BUFGP         |   0.000|
line_1<3><5> |    1.913(R)|    0.312(R)|clk_BUFGP         |   0.000|
line_1<3><6> |    1.336(R)|    0.825(R)|clk_BUFGP         |   0.000|
line_1<3><7> |    2.024(R)|    0.196(R)|clk_BUFGP         |   0.000|
line_1<4><0> |    0.561(R)|    1.495(R)|clk_BUFGP         |   0.000|
line_1<4><1> |    0.941(R)|    1.148(R)|clk_BUFGP         |   0.000|
line_1<4><2> |    1.258(R)|    0.883(R)|clk_BUFGP         |   0.000|
line_1<4><3> |    2.081(R)|    0.131(R)|clk_BUFGP         |   0.000|
line_1<4><4> |    1.664(R)|    0.538(R)|clk_BUFGP         |   0.000|
line_1<4><5> |    1.429(R)|    0.758(R)|clk_BUFGP         |   0.000|
line_1<4><6> |    0.760(R)|    1.353(R)|clk_BUFGP         |   0.000|
line_1<4><7> |    1.243(R)|    0.908(R)|clk_BUFGP         |   0.000|
line_1<5><0> |    0.581(R)|    1.477(R)|clk_BUFGP         |   0.000|
line_1<5><1> |    0.243(R)|    1.789(R)|clk_BUFGP         |   0.000|
line_1<5><2> |    1.124(R)|    1.009(R)|clk_BUFGP         |   0.000|
line_1<5><3> |    0.931(R)|    1.184(R)|clk_BUFGP         |   0.000|
line_1<5><4> |    1.355(R)|    0.824(R)|clk_BUFGP         |   0.000|
line_1<5><5> |    0.997(R)|    1.155(R)|clk_BUFGP         |   0.000|
line_1<5><6> |    1.461(R)|    0.707(R)|clk_BUFGP         |   0.000|
line_1<5><7> |    1.053(R)|    1.083(R)|clk_BUFGP         |   0.000|
line_1<6><0> |    1.140(R)|    0.969(R)|clk_BUFGP         |   0.000|
line_1<6><1> |    2.108(R)|    0.075(R)|clk_BUFGP         |   0.000|
line_1<6><2> |    0.909(R)|    1.207(R)|clk_BUFGP         |   0.000|
line_1<6><3> |    1.792(R)|    0.399(R)|clk_BUFGP         |   0.000|
line_1<6><4> |    0.742(R)|    1.390(R)|clk_BUFGP         |   0.000|
line_1<6><5> |    1.543(R)|    0.654(R)|clk_BUFGP         |   0.000|
line_1<6><6> |    1.707(R)|    0.483(R)|clk_BUFGP         |   0.000|
line_1<6><7> |    2.199(R)|    0.032(R)|clk_BUFGP         |   0.000|
line_1<7><0> |    1.362(R)|    0.767(R)|clk_BUFGP         |   0.000|
line_1<7><1> |    1.896(R)|    0.270(R)|clk_BUFGP         |   0.000|
line_1<7><2> |    1.364(R)|    0.789(R)|clk_BUFGP         |   0.000|
line_1<7><3> |    1.867(R)|    0.331(R)|clk_BUFGP         |   0.000|
line_1<7><4> |    1.515(R)|    0.675(R)|clk_BUFGP         |   0.000|
line_1<7><5> |    1.497(R)|    0.695(R)|clk_BUFGP         |   0.000|
line_1<7><6> |    1.446(R)|    0.723(R)|clk_BUFGP         |   0.000|
line_1<7><7> |    2.454(R)|   -0.200(R)|clk_BUFGP         |   0.000|
line_1<8><0> |    1.306(R)|    0.813(R)|clk_BUFGP         |   0.000|
line_1<8><1> |    1.198(R)|    0.913(R)|clk_BUFGP         |   0.000|
line_1<8><2> |    1.999(R)|    0.207(R)|clk_BUFGP         |   0.000|
line_1<8><3> |    1.534(R)|    0.634(R)|clk_BUFGP         |   0.000|
line_1<8><4> |    0.341(R)|    1.759(R)|clk_BUFGP         |   0.000|
line_1<8><5> |    0.841(R)|    1.303(R)|clk_BUFGP         |   0.000|
line_1<8><6> |    0.952(R)|    1.177(R)|clk_BUFGP         |   0.000|
line_1<8><7> |    1.263(R)|    0.893(R)|clk_BUFGP         |   0.000|
line_1<9><0> |    1.814(R)|    0.350(R)|clk_BUFGP         |   0.000|
line_1<9><1> |    1.059(R)|    1.040(R)|clk_BUFGP         |   0.000|
line_1<9><2> |    2.315(R)|   -0.082(R)|clk_BUFGP         |   0.000|
line_1<9><3> |    1.072(R)|    1.060(R)|clk_BUFGP         |   0.000|
line_1<9><4> |    0.604(R)|    1.517(R)|clk_BUFGP         |   0.000|
line_1<9><5> |    1.476(R)|    0.718(R)|clk_BUFGP         |   0.000|
line_1<9><6> |    1.393(R)|    0.773(R)|clk_BUFGP         |   0.000|
line_1<9><7> |    1.565(R)|    0.617(R)|clk_BUFGP         |   0.000|
line_1<10><0>|    1.429(R)|    0.700(R)|clk_BUFGP         |   0.000|
line_1<10><1>|    1.843(R)|    0.325(R)|clk_BUFGP         |   0.000|
line_1<10><2>|    1.308(R)|    0.839(R)|clk_BUFGP         |   0.000|
line_1<10><3>|    1.830(R)|    0.364(R)|clk_BUFGP         |   0.000|
line_1<10><4>|    1.292(R)|    0.885(R)|clk_BUFGP         |   0.000|
line_1<10><5>|    1.278(R)|    0.898(R)|clk_BUFGP         |   0.000|
line_1<10><6>|    1.018(R)|    1.117(R)|clk_BUFGP         |   0.000|
line_1<10><7>|    1.849(R)|    0.354(R)|clk_BUFGP         |   0.000|
line_1<11><0>|    1.524(R)|    0.609(R)|clk_BUFGP         |   0.000|
line_1<11><1>|    1.932(R)|    0.236(R)|clk_BUFGP         |   0.000|
line_1<11><2>|    0.896(R)|    1.218(R)|clk_BUFGP         |   0.000|
line_1<11><3>|    1.571(R)|    0.605(R)|clk_BUFGP         |   0.000|
line_1<11><4>|    1.450(R)|    0.742(R)|clk_BUFGP         |   0.000|
line_1<11><5>|    1.964(R)|    0.266(R)|clk_BUFGP         |   0.000|
line_1<11><6>|    1.039(R)|    1.099(R)|clk_BUFGP         |   0.000|
line_1<11><7>|    1.844(R)|    0.358(R)|clk_BUFGP         |   0.000|
line_1<12><0>|    1.069(R)|    1.031(R)|clk_BUFGP         |   0.000|
line_1<12><1>|   -0.070(R)|    2.079(R)|clk_BUFGP         |   0.000|
line_1<12><2>|    2.123(R)|    0.093(R)|clk_BUFGP         |   0.000|
line_1<12><3>|    0.600(R)|    1.491(R)|clk_BUFGP         |   0.000|
line_1<12><4>|    0.800(R)|    1.337(R)|clk_BUFGP         |   0.000|
line_1<12><5>|    0.433(R)|    1.674(R)|clk_BUFGP         |   0.000|
line_1<12><6>|    1.882(R)|    0.318(R)|clk_BUFGP         |   0.000|
line_1<12><7>|    1.450(R)|    0.723(R)|clk_BUFGP         |   0.000|
line_1<13><0>|    0.196(R)|    1.835(R)|clk_BUFGP         |   0.000|
line_1<13><1>|    1.156(R)|    0.950(R)|clk_BUFGP         |   0.000|
line_1<13><2>|    1.778(R)|    0.406(R)|clk_BUFGP         |   0.000|
line_1<13><3>|    1.419(R)|    0.742(R)|clk_BUFGP         |   0.000|
line_1<13><4>|    1.510(R)|    0.686(R)|clk_BUFGP         |   0.000|
line_1<13><5>|    0.383(R)|    1.721(R)|clk_BUFGP         |   0.000|
line_1<13><6>|    1.671(R)|    0.518(R)|clk_BUFGP         |   0.000|
line_1<13><7>|    1.653(R)|    0.531(R)|clk_BUFGP         |   0.000|
line_1<14><0>|    1.422(R)|    0.710(R)|clk_BUFGP         |   0.000|
line_1<14><1>|    2.104(R)|    0.077(R)|clk_BUFGP         |   0.000|
line_1<14><2>|    1.725(R)|    0.454(R)|clk_BUFGP         |   0.000|
line_1<14><3>|    1.541(R)|    0.630(R)|clk_BUFGP         |   0.000|
line_1<14><4>|    1.184(R)|    0.985(R)|clk_BUFGP         |   0.000|
line_1<14><5>|    2.068(R)|    0.171(R)|clk_BUFGP         |   0.000|
line_1<14><6>|    1.265(R)|    0.890(R)|clk_BUFGP         |   0.000|
line_1<14><7>|    2.293(R)|   -0.053(R)|clk_BUFGP         |   0.000|
line_1<15><0>|    1.703(R)|    0.445(R)|clk_BUFGP         |   0.000|
line_1<15><1>|    1.606(R)|    0.535(R)|clk_BUFGP         |   0.000|
line_1<15><2>|    1.131(R)|    1.002(R)|clk_BUFGP         |   0.000|
line_1<15><3>|    1.876(R)|    0.323(R)|clk_BUFGP         |   0.000|
line_1<15><4>|    1.304(R)|    0.875(R)|clk_BUFGP         |   0.000|
line_1<15><5>|    1.272(R)|    0.903(R)|clk_BUFGP         |   0.000|
line_1<15><6>|    1.269(R)|    0.887(R)|clk_BUFGP         |   0.000|
line_1<15><7>|    2.126(R)|    0.099(R)|clk_BUFGP         |   0.000|
line_1<16><0>|    0.664(R)|    1.403(R)|clk_BUFGP         |   0.000|
line_1<16><1>|    2.020(R)|    0.159(R)|clk_BUFGP         |   0.000|
line_1<16><2>|    1.922(R)|    0.273(R)|clk_BUFGP         |   0.000|
line_1<16><3>|    0.647(R)|    1.448(R)|clk_BUFGP         |   0.000|
line_1<16><4>|    0.575(R)|    1.542(R)|clk_BUFGP         |   0.000|
line_1<16><5>|    1.152(R)|    1.013(R)|clk_BUFGP         |   0.000|
line_1<16><6>|    1.870(R)|    0.329(R)|clk_BUFGP         |   0.000|
line_1<16><7>|    2.200(R)|    0.033(R)|clk_BUFGP         |   0.000|
pos<0>       |   -0.669(R)|    2.636(R)|clk_BUFGP         |   0.000|
pos<1>       |   -0.509(R)|    2.488(R)|clk_BUFGP         |   0.000|
pos<2>       |   -0.547(R)|    2.523(R)|clk_BUFGP         |   0.000|
pos<3>       |   -0.535(R)|    2.514(R)|clk_BUFGP         |   0.000|
pos<4>       |   -0.506(R)|    2.488(R)|clk_BUFGP         |   0.000|
pos<5>       |   -0.534(R)|    2.515(R)|clk_BUFGP         |   0.000|
pos<6>       |   -0.543(R)|    2.522(R)|clk_BUFGP         |   0.000|
rst          |    2.220(R)|    1.445(R)|clk_BUFGP         |   0.000|
-------------+------------+------------+------------------+--------+

Clock clk to Pad
------------+------------+------------------+--------+
            | clk (edge) |                  | Clock  |
Destination |   to PAD   |Internal Clock(s) | Phase  |
------------+------------+------------------+--------+
done<0>     |    8.852(R)|clk_BUFGP         |   0.000|
lcd_data<0> |    8.621(R)|clk_BUFGP         |   0.000|
lcd_data<1> |    8.470(R)|clk_BUFGP         |   0.000|
lcd_data<2> |    8.294(R)|clk_BUFGP         |   0.000|
lcd_data<3> |    8.441(R)|clk_BUFGP         |   0.000|
lcd_data<4> |    8.617(R)|clk_BUFGP         |   0.000|
lcd_data<5> |    8.441(R)|clk_BUFGP         |   0.000|
lcd_data<6> |    8.463(R)|clk_BUFGP         |   0.000|
lcd_data<7> |    8.323(R)|clk_BUFGP         |   0.000|
lcd_en      |    9.071(R)|clk_BUFGP         |   0.000|
lcd_rs      |    8.664(R)|clk_BUFGP         |   0.000|
------------+------------+------------------+--------+

Clock to Setup on destination clock clk
---------------+---------+---------+---------+---------+
               | Src:Rise| Src:Fall| Src:Rise| Src:Fall|
Source Clock   |Dest:Rise|Dest:Rise|Dest:Fall|Dest:Fall|
---------------+---------+---------+---------+---------+
clk            |    3.432|         |         |         |
---------------+---------+---------+---------+---------+


Analysis completed Wed Feb 04 22:30:07 2015 
--------------------------------------------------------------------------------

Trace Settings:
-------------------------
Trace Settings 

Peak Memory Usage: 261 MB



