Command line:
   timer_tb_isim_beh.exe
     -simmode  gui
     -simrunnum  0
     -socket  49171

Wed Feb 04 21:30:06 2015


 Elaboration Time: 0.0312 sec

 Current Memory Usage: 827.761 Meg

 Total Signals          : 11
 Total Nets             : 6
 Total Signal Drivers   : 6
 Total Blocks           : 6
 Total Primitive Blocks : 5
 Total Processes        : 3
 Total Traceable Variables  : 19
 Total Scalar Nets and Variables : 495
Total Line Count : 24
Total Line Count : 24
Total Line Count : 24

 Total Simulation Time: 0.343202 sec

 Current Memory Usage: 670.212 Meg

Wed Feb 04 21:57:14 2015

